[debug] [2022-10-07T16:33:52.953Z] ----------------------------------------------------------------------
[debug] [2022-10-07T16:33:52.957Z] Command:       C:\Program Files\nodejs\node.exe C:\Users\pc\AppData\Roaming\npm\node_modules\firebase-tools\lib\bin\firebase.js login:ci
[debug] [2022-10-07T16:33:52.958Z] CLI Version:   10.1.5
[debug] [2022-10-07T16:33:52.958Z] Platform:      win32
[debug] [2022-10-07T16:33:52.958Z] Node Version:  v14.19.3
[debug] [2022-10-07T16:33:52.960Z] Time:          Fri Oct 07 2022 17:33:52 GMT+0100 (West Africa Standard Time)
[debug] [2022-10-07T16:33:52.960Z] ----------------------------------------------------------------------
[debug] 
[info] 
[info] Visit this URL on this device to log in:
[info] https://accounts.google.com/o/oauth2/auth?client_id=563584335869-fgrhgmd47bqnekij5i8b5pr03ho849e6.apps.googleusercontent.com&scope=email%20openid%20https%3A%2F%2Fwww.googleapis.com%2Fauth%2Fcloudplatformprojects.readonly%20https%3A%2F%2Fwww.googleapis.com%2Fauth%2Ffirebase%20https%3A%2F%2Fwww.googleapis.com%2Fauth%2Fcloud-platform&response_type=code&state=943606539&redirect_uri=http%3A%2F%2Flocalhost%3A9005
[info] 
[info] Waiting for authentication...
[debug] [2022-10-07T16:33:53.249Z] Error: spawn cmd ENOENT
    at Process.ChildProcess._handle.onexit (internal/child_process.js:277:19)
    at onErrorNT (internal/child_process.js:472:16)
    at processTicksAndRejections (internal/process/task_queues.js:82:21)
[error] 
[error] Error: An unexpected error has occurred.
[debug] [2022-10-07T16:34:05.076Z] ----------------------------------------------------------------------
[debug] [2022-10-07T16:34:05.080Z] Command:       C:\Program Files\nodejs\node.exe C:\Users\pc\AppData\Roaming\npm\node_modules\firebase-tools\lib\bin\firebase.js login:ci
[debug] [2022-10-07T16:34:05.080Z] CLI Version:   10.1.5
[debug] [2022-10-07T16:34:05.081Z] Platform:      win32
[debug] [2022-10-07T16:34:05.081Z] Node Version:  v14.19.3
[debug] [2022-10-07T16:34:05.082Z] Time:          Fri Oct 07 2022 17:34:05 GMT+0100 (West Africa Standard Time)
[debug] [2022-10-07T16:34:05.083Z] ----------------------------------------------------------------------
[debug] 
[info] 
[info] Visit this URL on this device to log in:
[info] https://accounts.google.com/o/oauth2/auth?client_id=563584335869-fgrhgmd47bqnekij5i8b5pr03ho849e6.apps.googleusercontent.com&scope=email%20openid%20https%3A%2F%2Fwww.googleapis.com%2Fauth%2Fcloudplatformprojects.readonly%20https%3A%2F%2Fwww.googleapis.com%2Fauth%2Ffirebase%20https%3A%2F%2Fwww.googleapis.com%2Fauth%2Fcloud-platform&response_type=code&state=572068634&redirect_uri=http%3A%2F%2Flocalhost%3A9005
[info] 
[info] Waiting for authentication...
[debug] [2022-10-07T16:34:05.259Z] Error: spawn cmd ENOENT
    at Process.ChildProcess._handle.onexit (internal/child_process.js:277:19)
    at onErrorNT (internal/child_process.js:472:16)
    at processTicksAndRejections (internal/process/task_queues.js:82:21)
[error] 
[error] Error: An unexpected error has occurred.
[debug] [2022-10-07T16:34:43.684Z] ----------------------------------------------------------------------
[debug] [2022-10-07T16:34:43.688Z] Command:       C:\Program Files\nodejs\node.exe C:\Users\pc\AppData\Roaming\npm\node_modules\firebase-tools\lib\bin\firebase.js login:ci
[debug] [2022-10-07T16:34:43.688Z] CLI Version:   10.1.5
[debug] [2022-10-07T16:34:43.689Z] Platform:      win32
[debug] [2022-10-07T16:34:43.689Z] Node Version:  v14.19.3
[debug] [2022-10-07T16:34:43.690Z] Time:          Fri Oct 07 2022 17:34:43 GMT+0100 (West Africa Standard Time)
[debug] [2022-10-07T16:34:43.691Z] ----------------------------------------------------------------------
[debug] 
[info] 
[info] Visit this URL on this device to log in:
[info] https://accounts.google.com/o/oauth2/auth?client_id=563584335869-fgrhgmd47bqnekij5i8b5pr03ho849e6.apps.googleusercontent.com&scope=email%20openid%20https%3A%2F%2Fwww.googleapis.com%2Fauth%2Fcloudplatformprojects.readonly%20https%3A%2F%2Fwww.googleapis.com%2Fauth%2Ffirebase%20https%3A%2F%2Fwww.googleapis.com%2Fauth%2Fcloud-platform&response_type=code&state=813387089&redirect_uri=http%3A%2F%2Flocalhost%3A9005
[info] 
[info] Waiting for authentication...
[debug] [2022-10-07T16:34:43.873Z] Error: spawn cmd ENOENT
    at Process.ChildProcess._handle.onexit (internal/child_process.js:277:19)
    at onErrorNT (internal/child_process.js:472:16)
    at processTicksAndRejections (internal/process/task_queues.js:82:21)
[error] 
[error] Error: An unexpected error has occurred.
